<?xml version="1.0" encoding="UTF-8"?>
<testng-results ignored="0" total="1" passed="1" failed="0" skipped="0">
  <reporter-output>
  </reporter-output>
  <suite started-at="2025-11-08T01:09:21 IST" name="Suite" finished-at="2025-11-08T01:09:28 IST" duration-ms="6741">
    <groups>
    </groups>
    <test started-at="2025-11-08T01:09:21 IST" name="Test" finished-at="2025-11-08T01:09:28 IST" duration-ms="6741">
      <class name="seleniumbasiclearning.pom.LoginTest">
        <test-method is-config="true" signature="setUp()[pri:0, instance:seleniumbasiclearning.pom.LoginTest@342c38f8]" started-at="2025-11-08T01:09:21 IST" name="setUp" finished-at="2025-11-08T01:09:26 IST" duration-ms="4722" status="PASS">
          <reporter-output>
          </reporter-output>
        </test-method> <!-- setUp -->
        <test-method signature="testlogin()[pri:0, instance:seleniumbasiclearning.pom.LoginTest@342c38f8]" started-at="2025-11-08T01:09:26 IST" name="testlogin" finished-at="2025-11-08T01:09:28 IST" duration-ms="1786" status="PASS">
          <reporter-output>
          </reporter-output>
        </test-method> <!-- testlogin -->
        <test-method is-config="true" signature="tearDown()[pri:0, instance:seleniumbasiclearning.pom.LoginTest@342c38f8]" started-at="2025-11-08T01:09:28 IST" name="tearDown" finished-at="2025-11-08T01:09:28 IST" duration-ms="198" status="PASS">
          <reporter-output>
          </reporter-output>
        </test-method> <!-- tearDown -->
      </class> <!-- seleniumbasiclearning.pom.LoginTest -->
    </test> <!-- Test -->
  </suite> <!-- Suite -->
</testng-results>
